[31/May/2026 05:06:10] "GET /backend/ HTTP/1.1" 200 10245
[31/May/2026 05:06:10] "GET /backend/products/ HTTP/1.1" 200 9228
[31/May/2026 05:06:10] "GET / HTTP/1.1" 302 0
[31/May/2026 05:06:10,979] - Broken pipe from ('127.0.0.1', 62971)
[31/May/2026 05:06:10,980] - Broken pipe from ('127.0.0.1', 62972)
[31/May/2026 05:06:11,035] - Broken pipe from ('127.0.0.1', 62976)
[31/May/2026 05:23:00] "GET / HTTP/1.1" 302 0
[31/May/2026 05:23:00] "GET /backend/ HTTP/1.1" 200 10245
[31/May/2026 05:23:01] "GET /static/website/images/icons/hum-baarger.svg HTTP/1.1" 200 337
[31/May/2026 05:23:01] "GET /static/website/css/media-query.css HTTP/1.1" 200 4876
[31/May/2026 05:23:01] "GET /static/website/css/home.css HTTP/1.1" 200 12309
[31/May/2026 05:23:01] "GET /static/website/css/style.css HTTP/1.1" 200 48621
[31/May/2026 05:23:01] "GET /static/website/images/icons/logo.svg HTTP/1.1" 200 5102
[31/May/2026 05:23:01] "GET /static/website/images/icons/search.svg HTTP/1.1" 200 1400
[31/May/2026 05:23:01] "GET /static/website/images/icons/shopping-cart.svg HTTP/1.1" 200 1883
[31/May/2026 05:23:01] "GET /static/website/css/all.min.css HTTP/1.1" 200 102217
[31/May/2026 05:23:01] "GET /static/website/css/bootstrap.min.css HTTP/1.1" 200 232948
[31/May/2026 05:23:01] "GET /static/website/js/bootstrap.bundle.min.js HTTP/1.1" 200 80663
[31/May/2026 05:23:01] "GET /static/website/js/custom_dropdown.js HTTP/1.1" 200 3632
[31/May/2026 05:23:01] "GET /static/website/js/cart_operation.js HTTP/1.1" 200 8670
[31/May/2026 05:23:01] "GET /static/website/images/icons/user-icon.svg HTTP/1.1" 200 1949
[31/May/2026 05:23:01] "GET /static/website/js/jquery-3.6.4.min.js HTTP/1.1" 200 89795
[31/May/2026 05:23:01] "GET /static/website/images/banner/banner-web.png HTTP/1.1" 200 124003
[31/May/2026 05:23:01] "GET /static/website/images/banner/banner-mobile.png HTTP/1.1" 200 101767
[31/May/2026 05:23:01] "GET /static/js/event.js HTTP/1.1" 404 1792
[31/May/2026 05:23:01] "GET /static/website/fonts/Karla/Karla-Regular.ttf HTTP/1.1" 404 1870
[31/May/2026 05:23:01] "GET /static/website/fonts/Spectral/Spectral-SemiBold.ttf HTTP/1.1" 404 1891
Not Found: /favicon.ico
[31/May/2026 05:23:01] "GET /favicon.ico HTTP/1.1" 404 2442
[31/May/2026 05:23:22] "GET / HTTP/1.1" 302 0
[31/May/2026 05:23:22] "GET /backend/ HTTP/1.1" 200 10245
[31/May/2026 05:23:23] "GET /static/website/css/home.css HTTP/1.1" 200 12309
[31/May/2026 05:23:23] "GET /static/website/css/style.css HTTP/1.1" 200 48621
[31/May/2026 05:23:23] "GET /static/website/css/media-query.css HTTP/1.1" 200 4876
[31/May/2026 05:23:23] "GET /static/website/images/icons/hum-baarger.svg HTTP/1.1" 200 337
[31/May/2026 05:23:23] "GET /static/website/css/all.min.css HTTP/1.1" 200 102217
[31/May/2026 05:23:23] "GET /static/website/css/bootstrap.min.css HTTP/1.1" 200 232948
[31/May/2026 05:23:23] "GET /static/website/images/icons/logo.svg HTTP/1.1" 200 5102
[31/May/2026 05:23:23] "GET /static/website/images/icons/search.svg HTTP/1.1" 200 1400
[31/May/2026 05:23:23] "GET /static/website/images/icons/user-icon.svg HTTP/1.1" 200 1949
[31/May/2026 05:23:23] "GET /static/website/js/custom_dropdown.js HTTP/1.1" 200 3632
[31/May/2026 05:23:23] "GET /static/website/images/icons/shopping-cart.svg HTTP/1.1" 200 1883
[31/May/2026 05:23:23] "GET /static/website/js/cart_operation.js HTTP/1.1" 200 8670
[31/May/2026 05:23:23] "GET /static/website/js/jquery-3.6.4.min.js HTTP/1.1" 200 89795
[31/May/2026 05:23:23] "GET /static/website/js/bootstrap.bundle.min.js HTTP/1.1" 200 80663
[31/May/2026 05:23:23] "GET /static/js/event.js HTTP/1.1" 404 1792
[31/May/2026 05:23:23] "GET /static/website/fonts/Karla/Karla-Regular.ttf HTTP/1.1" 404 1870
[31/May/2026 05:23:23] "GET /static/website/fonts/Spectral/Spectral-SemiBold.ttf HTTP/1.1" 404 1891
Not Found: /favicon.ico
[31/May/2026 05:23:23] "GET /favicon.ico HTTP/1.1" 404 2442
[31/May/2026 05:23:28] "GET /backend/products/ HTTP/1.1" 200 9228
[31/May/2026 05:23:28] "GET /static/website/images/products/product1.png HTTP/1.1" 200 22837
[31/May/2026 05:23:28] "GET /static/website/fonts/Karla/Karla-Regular.ttf HTTP/1.1" 404 1870
[31/May/2026 05:23:28] "GET /static/website/fonts/Spectral/Spectral-SemiBold.ttf HTTP/1.1" 404 1891
[31/May/2026 05:23:36] "GET /backend/ HTTP/1.1" 200 10245
[31/May/2026 05:23:36] "GET /static/js/event.js HTTP/1.1" 404 1792
[31/May/2026 05:23:36] "GET /static/website/fonts/Karla/Karla-Regular.ttf HTTP/1.1" 404 1870
[31/May/2026 05:23:36] "GET /static/website/fonts/Spectral/Spectral-SemiBold.ttf HTTP/1.1" 404 1891
[31/May/2026 05:23:37] "GET /backend/ HTTP/1.1" 200 10245
[31/May/2026 05:23:37] "GET /static/js/event.js HTTP/1.1" 404 1792
[31/May/2026 05:23:37] "GET /static/website/fonts/Karla/Karla-Regular.ttf HTTP/1.1" 404 1870
[31/May/2026 05:23:37] "GET /static/website/fonts/Spectral/Spectral-SemiBold.ttf HTTP/1.1" 404 1891
[31/May/2026 05:31:13] "GET /backend/login/ HTTP/1.1" 200 3178
[31/May/2026 06:24:27] "GET /backend/login/ HTTP/1.1" 200 3178
[31/May/2026 06:24:33] "GET /backend/register/ HTTP/1.1" 200 4159
[31/May/2026 06:24:57] "POST /backend/register/ HTTP/1.1" 302 0
[31/May/2026 06:24:57] "GET /backend/verify-otp/?email=jahiduddinsami13@gmail.com HTTP/1.1" 200 309
[31/May/2026 06:26:04] "GET /backend/verify-otp/?email=jahiduddinsami13@gmail.com HTTP/1.1" 200 309
[31/May/2026 06:26:06] "GET /backend/register/ HTTP/1.1" 200 4159
[31/May/2026 06:26:08] "POST /backend/register/ HTTP/1.1" 200 4209
[31/May/2026 09:55:40] "GET / HTTP/1.1" 302 0
[31/May/2026 09:55:40] "GET /backend/ HTTP/1.1" 200 10245
[31/May/2026 09:55:41] "GET /static/website/css/all.min.css HTTP/1.1" 304 0
[31/May/2026 09:55:41] "GET /static/website/css/bootstrap.min.css HTTP/1.1" 304 0
[31/May/2026 09:55:41] "GET /static/website/css/style.css HTTP/1.1" 304 0
[31/May/2026 09:55:41] "GET /static/website/css/home.css HTTP/1.1" 304 0
[31/May/2026 09:55:41] "GET /static/website/css/media-query.css HTTP/1.1" 304 0
[31/May/2026 09:55:41] "GET /static/website/images/icons/hum-baarger.svg HTTP/1.1" 304 0
[31/May/2026 09:55:41] "GET /static/website/images/icons/logo.svg HTTP/1.1" 304 0
[31/May/2026 09:55:41] "GET /static/website/images/icons/shopping-cart.svg HTTP/1.1" 304 0
[31/May/2026 09:55:41] "GET /static/website/images/icons/search.svg HTTP/1.1" 304 0
[31/May/2026 09:55:41] "GET /static/website/js/jquery-3.6.4.min.js HTTP/1.1" 304 0
[31/May/2026 09:55:41] "GET /static/website/images/icons/user-icon.svg HTTP/1.1" 304 0
[31/May/2026 09:55:41] "GET /static/website/js/bootstrap.bundle.min.js HTTP/1.1" 304 0
[31/May/2026 09:55:41] "GET /static/website/js/custom_dropdown.js HTTP/1.1" 304 0
[31/May/2026 09:55:41] "GET /static/website/js/cart_operation.js HTTP/1.1" 304 0
[31/May/2026 09:55:41] "GET /static/js/event.js HTTP/1.1" 404 1792
[31/May/2026 09:55:41] "GET /static/website/fonts/Spectral/Spectral-SemiBold.ttf HTTP/1.1" 404 1891
[31/May/2026 09:55:41] "GET /static/website/fonts/Karla/Karla-Regular.ttf HTTP/1.1" 404 1870
[31/May/2026 11:36:36] "GET /backend/ HTTP/1.1" 200 10245
[31/May/2026 11:36:36] "GET /static/website/css/home.css HTTP/1.1" 200 12309
[31/May/2026 11:36:36] "GET /static/website/css/media-query.css HTTP/1.1" 200 4876
[31/May/2026 11:36:36] "GET /static/website/images/icons/hum-baarger.svg HTTP/1.1" 200 337
[31/May/2026 11:36:36] "GET /static/website/css/style.css HTTP/1.1" 200 48621
[31/May/2026 11:36:36] "GET /static/website/css/all.min.css HTTP/1.1" 200 102217
[31/May/2026 11:36:36] "GET /static/website/css/bootstrap.min.css HTTP/1.1" 200 232948
[31/May/2026 11:36:36] "GET /static/website/images/icons/logo.svg HTTP/1.1" 200 5102
[31/May/2026 11:36:37] "GET /static/website/images/icons/search.svg HTTP/1.1" 200 1400
[31/May/2026 11:36:37] "GET /static/website/images/icons/user-icon.svg HTTP/1.1" 200 1949
[31/May/2026 11:36:37] "GET /static/website/js/custom_dropdown.js HTTP/1.1" 200 3632
[31/May/2026 11:36:37] "GET /static/website/images/icons/shopping-cart.svg HTTP/1.1" 200 1883
[31/May/2026 11:36:38] "GET /static/website/js/bootstrap.bundle.min.js HTTP/1.1" 200 80663
[31/May/2026 11:36:38] "GET /static/website/js/cart_operation.js HTTP/1.1" 200 8670
[31/May/2026 11:36:38] "GET /static/website/js/jquery-3.6.4.min.js HTTP/1.1" 200 89795
[31/May/2026 11:36:38] "GET /static/js/event.js HTTP/1.1" 404 1792
[31/May/2026 11:36:38] "GET /static/website/fonts/Karla/Karla-Regular.ttf HTTP/1.1" 404 1870
[31/May/2026 11:36:38] "GET /static/website/fonts/Spectral/Spectral-SemiBold.ttf HTTP/1.1" 404 1891
